0 info it worked if it ends with ok
1 verbose cli [ '/usr/local/bin/node', '/usr/local/bin/npm', 'publish' ]
2 info using npm@3.9.5
3 info using node@v6.2.2
4 verbose publish [ '.' ]
5 silly cache add args [ '.', null ]
6 verbose cache add spec .
7 silly cache add parsed spec Result {
7 silly cache add   raw: '.',
7 silly cache add   scope: null,
7 silly cache add   name: null,
7 silly cache add   rawSpec: '.',
7 silly cache add   spec: '/Users/ignu/code/trump-facts',
7 silly cache add   type: 'directory' }
8 verbose addLocalDirectory /Users/ignu/.npm/trump-facts/1.2.0/package.tgz not in flight; packing
9 verbose correctMkdir /Users/ignu/.npm correctMkdir not in flight; initializing
10 info lifecycle trump-facts@1.2.0~prepublish: trump-facts@1.2.0
11 silly lifecycle trump-facts@1.2.0~prepublish: no script for prepublish, continuing
12 verbose tar pack [ '/Users/ignu/.npm/trump-facts/1.2.0/package.tgz',
12 verbose tar pack   '/Users/ignu/code/trump-facts' ]
13 verbose tarball /Users/ignu/.npm/trump-facts/1.2.0/package.tgz
14 verbose folder /Users/ignu/code/trump-facts
15 verbose addLocalTarball adding from inside cache /Users/ignu/.npm/trump-facts/1.2.0/package.tgz
16 verbose correctMkdir /Users/ignu/.npm correctMkdir not in flight; initializing
17 silly cache afterAdd trump-facts@1.2.0
18 verbose afterAdd /Users/ignu/.npm/trump-facts/1.2.0/package/package.json not in flight; writing
19 verbose correctMkdir /Users/ignu/.npm correctMkdir not in flight; initializing
20 verbose afterAdd /Users/ignu/.npm/trump-facts/1.2.0/package/package.json written
21 silly publish { name: 'trump-facts',
21 silly publish   version: '1.2.0',
21 silly publish   description: 'Just a list of facts about Donald Trump',
21 silly publish   main: 'index.js',
21 silly publish   scripts: { test: 'npm test' },
21 silly publish   repository:
21 silly publish    { type: 'git',
21 silly publish      url: 'git+https://github.com/ignu/trump-facts.git' },
21 silly publish   keywords: [ 'trump', 'facts' ],
21 silly publish   author: { name: 'Len Smith' },
21 silly publish   license: 'ISC',
21 silly publish   bugs: { url: 'https://github.com/ignu/trump-facts/issues' },
21 silly publish   homepage: 'https://github.com/ignu/trump-facts#readme',
21 silly publish   dependencies: { ramda: '^0.22.1' },
21 silly publish   readme: 'Facts about Donald Trump.\n',
21 silly publish   readmeFilename: 'README.md',
21 silly publish   gitHead: '2812ccd3fce08b373d0bbfda0bc2c1c1a2e36bc1',
21 silly publish   _id: 'trump-facts@1.2.0',
21 silly publish   _shasum: 'e76b0536338962aa72ce4368b7ca21cdddd60c61',
21 silly publish   _from: '.' }
22 verbose getPublishConfig undefined
23 silly mapToRegistry name trump-facts
24 silly mapToRegistry using default registry
25 silly mapToRegistry registry https://registry.npmjs.org/
26 silly mapToRegistry data Result {
26 silly mapToRegistry   raw: 'trump-facts',
26 silly mapToRegistry   scope: null,
26 silly mapToRegistry   name: 'trump-facts',
26 silly mapToRegistry   rawSpec: '',
26 silly mapToRegistry   spec: 'latest',
26 silly mapToRegistry   type: 'tag' }
27 silly mapToRegistry uri https://registry.npmjs.org/trump-facts
28 verbose publish registryBase https://registry.npmjs.org/
29 silly publish uploading /Users/ignu/.npm/trump-facts/1.2.0/package.tgz
30 verbose request uri https://registry.npmjs.org/trump-facts
31 verbose request sending authorization for write operation
32 info attempt registry request try #1 at 5:10:39 PM
33 verbose request using bearer token for auth
34 verbose request id 061b0106472e6ea1
35 http request PUT https://registry.npmjs.org/trump-facts
36 http 403 https://registry.npmjs.org/trump-facts
37 verbose headers { 'content-type': 'application/json',
37 verbose headers   'cache-control': 'max-age=300',
37 verbose headers   'content-length': '95',
37 verbose headers   'accept-ranges': 'bytes',
37 verbose headers   date: 'Sun, 25 Sep 2016 21:10:40 GMT',
37 verbose headers   via: '1.1 varnish',
37 verbose headers   connection: 'keep-alive',
37 verbose headers   'x-served-by': 'cache-iad2128-IAD',
37 verbose headers   'x-cache': 'MISS',
37 verbose headers   'x-cache-hits': '0',
37 verbose headers   'x-timer': 'S1474837839.588089,VS0,VE593',
37 verbose headers   vary: 'Accept-Encoding' }
38 verbose request invalidating /Users/ignu/.npm/registry.npmjs.org/trump-facts on PUT
39 error publish Failed PUT 403
40 verbose stack Error: "You cannot publish over the previously published version 1.2.0." : trump-facts
40 verbose stack     at makeError (/usr/local/lib/node_modules/npm/node_modules/npm-registry-client/lib/request.js:264:12)
40 verbose stack     at CachingRegistryClient.<anonymous> (/usr/local/lib/node_modules/npm/node_modules/npm-registry-client/lib/request.js:252:14)
40 verbose stack     at Request._callback (/usr/local/lib/node_modules/npm/node_modules/npm-registry-client/lib/request.js:172:14)
40 verbose stack     at Request.self.callback (/usr/local/lib/node_modules/npm/node_modules/request/request.js:200:22)
40 verbose stack     at emitTwo (events.js:106:13)
40 verbose stack     at Request.emit (events.js:191:7)
40 verbose stack     at Request.<anonymous> (/usr/local/lib/node_modules/npm/node_modules/request/request.js:1067:10)
40 verbose stack     at emitOne (events.js:101:20)
40 verbose stack     at Request.emit (events.js:188:7)
40 verbose stack     at IncomingMessage.<anonymous> (/usr/local/lib/node_modules/npm/node_modules/request/request.js:988:12)
41 verbose statusCode 403
42 verbose pkgid trump-facts
43 verbose cwd /Users/ignu/code/trump-facts
44 error Darwin 16.0.0
45 error argv "/usr/local/bin/node" "/usr/local/bin/npm" "publish"
46 error node v6.2.2
47 error npm  v3.9.5
48 error code E403
49 error "You cannot publish over the previously published version 1.2.0." : trump-facts
50 error If you need help, you may report this error at:
50 error     <https://github.com/npm/npm/issues>
51 verbose exit [ 1, true ]
